1660967089150	geckodriver	INFO	Listening on 127.0.0.1:60806
1660967092211	mozrunner::runner	INFO	Running command: "C:\\Program Files\\Mozilla Firefox\\firefox.exe" "--marionette" "--remote-debugging-port" "60807" "--remote-allow-hosts" "localhost" "-no-remote" "-profile" "C:\\Users\\Lachlan\\AppData\\Local\\Temp\\rust_mozprofileIbnd7Z"
1660967092575	Marionette	INFO	Marionette enabled
1660967092580	Marionette	INFO	Listening on port 60817
WebDriver BiDi listening on ws://localhost:60807
Read port: 60817
1660967092839	RemoteAgent	WARN	TLS certificate errors will be ignored for this session
console.warn: SearchSettings: "get: No settings file exists, new profile?" (new NotFoundError("Could not open the file at C:\\Users\\Lachlan\\AppData\\Local\\Temp\\rust_mozprofileIbnd7Z\\search.json.mozlz4", (void 0)))
DevTools listening on ws://localhost:60807/devtools/browser/08c9023c-0a44-410a-a216-930a6d75f673
JavaScript warning: https://cdn2.gbqofs.com/coleparmer/p/detector-dom.min.js, line 74: asm.js type error: cannot create array view without an asm.js heap parameter
console.warn: LoginRecipes: "getRecipes: falling back to a synchronous message for:" "https://www.coleparmer.com"
1660967147402	Marionette	INFO	Stopped listening on port 60817
console.warn: TopSitesFeed: Failed to fetch data from Contile server: NetworkError when attempting to fetch resource.
[Parent 2284, IPC I/O Parent] WARNING: file /builds/worker/checkouts/gecko/ipc/chromium/src/base/process_util_win.cc:167
1660967485585	geckodriver	INFO	Listening on 127.0.0.1:61092
1660967488627	mozrunner::runner	INFO	Running command: "C:\\Program Files\\Mozilla Firefox\\firefox.exe" "--marionette" "--remote-debugging-port" "61093" "--remote-allow-hosts" "localhost" "-no-remote" "-profile" "C:\\Users\\Lachlan\\AppData\\Local\\Temp\\rust_mozprofilenGHOSe"
1660967488983	Marionette	INFO	Marionette enabled
1660967488989	Marionette	INFO	Listening on port 61103
WebDriver BiDi listening on ws://localhost:61093
Read port: 61103
1660967489246	RemoteAgent	WARN	TLS certificate errors will be ignored for this session
console.warn: SearchSettings: "get: No settings file exists, new profile?" (new NotFoundError("Could not open the file at C:\\Users\\Lachlan\\AppData\\Local\\Temp\\rust_mozprofilenGHOSe\\search.json.mozlz4", (void 0)))
DevTools listening on ws://localhost:61093/devtools/browser/3a3c5644-6fa3-4767-8b2e-b2561ddfa358
JavaScript warning: https://cdn2.gbqofs.com/coleparmer/p/detector-dom.min.js, line 74: asm.js type error: cannot create array view without an asm.js heap parameter
1660967529779	Marionette	INFO	Stopped listening on port 61103
console.warn: TopSitesFeed: Failed to fetch data from Contile server: NetworkError when attempting to fetch resource.
1660967541628	geckodriver	INFO	Listening on 127.0.0.1:61212
1660967544670	mozrunner::runner	INFO	Running command: "C:\\Program Files\\Mozilla Firefox\\firefox.exe" "--marionette" "--remote-debugging-port" "61213" "--remote-allow-hosts" "localhost" "-no-remote" "-profile" "C:\\Users\\Lachlan\\AppData\\Local\\Temp\\rust_mozprofile3AqiNY"
1660967545022	Marionette	INFO	Marionette enabled
1660967545028	Marionette	INFO	Listening on port 61223
WebDriver BiDi listening on ws://localhost:61213
Read port: 61223
1660967545284	RemoteAgent	WARN	TLS certificate errors will be ignored for this session
console.warn: SearchSettings: "get: No settings file exists, new profile?" (new NotFoundError("Could not open the file at C:\\Users\\Lachlan\\AppData\\Local\\Temp\\rust_mozprofile3AqiNY\\search.json.mozlz4", (void 0)))
DevTools listening on ws://localhost:61213/devtools/browser/e40d8af1-8b9e-4b12-a757-aef4e6f587bc
JavaScript warning: https://cdn2.gbqofs.com/coleparmer/p/detector-dom.min.js, line 74: asm.js type error: cannot create array view without an asm.js heap parameter
console.warn: LoginRecipes: "getRecipes: falling back to a synchronous message for:" "https://www.coleparmer.com"
console.warn: LoginRecipes: "getRecipes: falling back to a synchronous message for:" "https://www.coleparmer.com"
console.warn: LoginRecipes: "getRecipes: falling back to a synchronous message for:" "https://www.coleparmer.com"
console.warn: LoginRecipes: "getRecipes: falling back to a synchronous message for:" "https://www.coleparmer.com"
console.warn: LoginRecipes: "getRecipes: falling back to a synchronous message for:" "https://www.coleparmer.com"
console.warn: LoginRecipes: "getRecipes: falling back to a synchronous message for:" "https://www.coleparmer.com"
console.warn: LoginRecipes: "getRecipes: falling back to a synchronous message for:" "https://www.coleparmer.com"
console.warn: LoginRecipes: "getRecipes: falling back to a synchronous message for:" "https://www.coleparmer.com"
console.warn: LoginRecipes: "getRecipes: falling back to a synchronous message for:" "https://www.coleparmer.com"
console.warn: LoginRecipes: "getRecipes: falling back to a synchronous message for:" "https://www.coleparmer.com"
console.warn: LoginRecipes: "getRecipes: falling back to a synchronous message for:" "https://www.coleparmer.com"
console.warn: LoginRecipes: "getRecipes: falling back to a synchronous message for:" "https://www.coleparmer.com"
console.warn: LoginRecipes: "getRecipes: falling back to a synchronous message for:" "https://www.coleparmer.com"
console.warn: LoginRecipes: "getRecipes: falling back to a synchronous message for:" "https://www.coleparmer.com"
console.warn: LoginRecipes: "getRecipes: falling back to a synchronous message for:" "https://www.coleparmer.com"
console.warn: LoginRecipes: "getRecipes: falling back to a synchronous message for:" "https://www.coleparmer.com"
console.warn: LoginRecipes: "getRecipes: falling back to a synchronous message for:" "https://www.coleparmer.com"
console.warn: LoginRecipes: "getRecipes: falling back to a synchronous message for:" "https://www.coleparmer.com"
console.warn: LoginRecipes: "getRecipes: falling back to a synchronous message for:" "https://www.coleparmer.com"
console.warn: LoginRecipes: "getRecipes: falling back to a synchronous message for:" "https://www.coleparmer.com"
console.warn: LoginRecipes: "getRecipes: falling back to a synchronous message for:" "https://www.coleparmer.com"
console.warn: LoginRecipes: "getRecipes: falling back to a synchronous message for:" "https://www.coleparmer.com"
console.warn: LoginRecipes: "getRecipes: falling back to a synchronous message for:" "https://www.coleparmer.com"
console.warn: LoginRecipes: "getRecipes: falling back to a synchronous message for:" "https://www.coleparmer.com"
console.warn: LoginRecipes: "getRecipes: falling back to a synchronous message for:" "https://www.coleparmer.com"
console.warn: LoginRecipes: "getRecipes: falling back to a synchronous message for:" "https://www.coleparmer.com"
console.warn: LoginRecipes: "getRecipes: falling back to a synchronous message for:" "https://www.coleparmer.com"
console.warn: LoginRecipes: "getRecipes: falling back to a synchronous message for:" "https://www.coleparmer.com"
console.warn: LoginRecipes: "getRecipes: falling back to a synchronous message for:" "https://www.coleparmer.com"
console.warn: LoginRecipes: "getRecipes: falling back to a synchronous message for:" "https://www.coleparmer.com"
console.warn: LoginRecipes: "getRecipes: falling back to a synchronous message for:" "https://www.coleparmer.com"
console.warn: LoginRecipes: "getRecipes: falling back to a synchronous message for:" "https://www.coleparmer.com"
console.warn: LoginRecipes: "getRecipes: falling back to a synchronous message for:" "https://www.coleparmer.com"
console.warn: LoginRecipes: "getRecipes: falling back to a synchronous message for:" "https://www.coleparmer.com"
console.warn: LoginRecipes: "getRecipes: falling back to a synchronous message for:" "https://www.coleparmer.com"
console.warn: LoginRecipes: "getRecipes: falling back to a synchronous message for:" "https://www.coleparmer.com"
console.warn: LoginRecipes: "getRecipes: falling back to a synchronous message for:" "https://www.coleparmer.com"
console.warn: LoginRecipes: "getRecipes: falling back to a synchronous message for:" "https://www.coleparmer.com"
console.warn: LoginRecipes: "getRecipes: falling back to a synchronous message for:" "https://www.coleparmer.com"
console.warn: LoginRecipes: "getRecipes: falling back to a synchronous message for:" "https://www.coleparmer.com"
console.warn: LoginRecipes: "getRecipes: falling back to a synchronous message for:" "https://www.coleparmer.com"
console.warn: LoginRecipes: "getRecipes: falling back to a synchronous message for:" "https://www.coleparmer.com"
console.warn: LoginRecipes: "getRecipes: falling back to a synchronous message for:" "https://www.coleparmer.com"
console.warn: LoginRecipes: "getRecipes: falling back to a synchronous message for:" "https://www.coleparmer.com"
console.warn: LoginRecipes: "getRecipes: falling back to a synchronous message for:" "https://www.coleparmer.com"
console.warn: LoginRecipes: "getRecipes: falling back to a synchronous message for:" "https://www.coleparmer.com"
console.warn: LoginRecipes: "getRecipes: falling back to a synchronous message for:" "https://www.coleparmer.com"
console.warn: LoginRecipes: "getRecipes: falling back to a synchronous message for:" "https://www.coleparmer.com"
console.warn: LoginRecipes: "getRecipes: falling back to a synchronous message for:" "https://www.coleparmer.com"
console.warn: LoginRecipes: "getRecipes: falling back to a synchronous message for:" "https://www.coleparmer.com"
console.warn: LoginRecipes: "getRecipes: falling back to a synchronous message for:" "https://www.coleparmer.com"
console.warn: LoginRecipes: "getRecipes: falling back to a synchronous message for:" "https://www.coleparmer.com"
console.warn: LoginRecipes: "getRecipes: falling back to a synchronous message for:" "https://www.coleparmer.com"
console.warn: LoginRecipes: "getRecipes: falling back to a synchronous message for:" "https://www.coleparmer.com"
console.warn: LoginRecipes: "getRecipes: falling back to a synchronous message for:" "https://www.coleparmer.com"
console.warn: LoginRecipes: "getRecipes: falling back to a synchronous message for:" "https://www.coleparmer.com"
console.warn: LoginRecipes: "getRecipes: falling back to a synchronous message for:" "https://www.coleparmer.com"
console.warn: LoginRecipes: "getRecipes: falling back to a synchronous message for:" "https://www.coleparmer.com"
console.warn: LoginRecipes: "getRecipes: falling back to a synchronous message for:" "https://www.coleparmer.com"
1660967758367	Marionette	INFO	Stopped listening on port 61223
console.warn: TopSitesFeed: Failed to fetch data from Contile server: NetworkError when attempting to fetch resource.
1660967769313	geckodriver	INFO	Listening on 127.0.0.1:61480
1660967772334	mozrunner::runner	INFO	Running command: "C:\\Program Files\\Mozilla Firefox\\firefox.exe" "--marionette" "--remote-debugging-port" "61481" "--remote-allow-hosts" "localhost" "-no-remote" "-profile" "C:\\Users\\Lachlan\\AppData\\Local\\Temp\\rust_mozprofilebNkeAX"
1660967772706	Marionette	INFO	Marionette enabled
1660967772711	Marionette	INFO	Listening on port 61491
WebDriver BiDi listening on ws://localhost:61481
Read port: 61491
1660967772922	RemoteAgent	WARN	TLS certificate errors will be ignored for this session
console.warn: SearchSettings: "get: No settings file exists, new profile?" (new NotFoundError("Could not open the file at C:\\Users\\Lachlan\\AppData\\Local\\Temp\\rust_mozprofilebNkeAX\\search.json.mozlz4", (void 0)))
DevTools listening on ws://localhost:61481/devtools/browser/bf617781-25ee-4340-8778-521934fe0fa4
JavaScript warning: https://cdn2.gbqofs.com/coleparmer/p/detector-dom.min.js, line 74: asm.js type error: cannot create array view without an asm.js heap parameter
1660967783370	Marionette	INFO	Stopped listening on port 61491
console.warn: TopSitesFeed: Failed to fetch data from Contile server: NetworkError when attempting to fetch resource.
1660967842184	geckodriver	INFO	Listening on 127.0.0.1:61605
1660967845228	mozrunner::runner	INFO	Running command: "C:\\Program Files\\Mozilla Firefox\\firefox.exe" "--marionette" "--remote-debugging-port" "61606" "--remote-allow-hosts" "localhost" "-no-remote" "-profile" "C:\\Users\\Lachlan\\AppData\\Local\\Temp\\rust_mozprofileEH9TQo"
1660967845568	Marionette	INFO	Marionette enabled
1660967845574	Marionette	INFO	Listening on port 61615
WebDriver BiDi listening on ws://localhost:61606
Read port: 61615
1660967845828	RemoteAgent	WARN	TLS certificate errors will be ignored for this session
console.warn: SearchSettings: "get: No settings file exists, new profile?" (new NotFoundError("Could not open the file at C:\\Users\\Lachlan\\AppData\\Local\\Temp\\rust_mozprofileEH9TQo\\search.json.mozlz4", (void 0)))
DevTools listening on ws://localhost:61606/devtools/browser/18d1cf53-d000-4236-8fb1-4811e8f6924c
JavaScript warning: https://cdn2.gbqofs.com/coleparmer/p/detector-dom.min.js, line 74: asm.js type error: cannot create array view without an asm.js heap parameter
1660967855250	Marionette	INFO	Stopped listening on port 61615
console.warn: TopSitesFeed: Failed to fetch data from Contile server: NetworkError when attempting to fetch resource.
[Parent 14668, IPC I/O Parent] WARNING: file /builds/worker/checkouts/gecko/ipc/chromium/src/base/process_util_win.cc:167
1660967870921	geckodriver	INFO	Listening on 127.0.0.1:61716
1660967873982	mozrunner::runner	INFO	Running command: "C:\\Program Files\\Mozilla Firefox\\firefox.exe" "--marionette" "--remote-debugging-port" "61717" "--remote-allow-hosts" "localhost" "-no-remote" "-profile" "C:\\Users\\Lachlan\\AppData\\Local\\Temp\\rust_mozprofilez6ndXo"
1660967874325	Marionette	INFO	Marionette enabled
1660967874330	Marionette	INFO	Listening on port 61726
WebDriver BiDi listening on ws://localhost:61717
Read port: 61726
1660967874590	RemoteAgent	WARN	TLS certificate errors will be ignored for this session
console.warn: SearchSettings: "get: No settings file exists, new profile?" (new NotFoundError("Could not open the file at C:\\Users\\Lachlan\\AppData\\Local\\Temp\\rust_mozprofilez6ndXo\\search.json.mozlz4", (void 0)))
DevTools listening on ws://localhost:61717/devtools/browser/e54a80da-635e-4e24-9089-d4885372a843
JavaScript warning: https://cdn2.gbqofs.com/coleparmer/p/detector-dom.min.js, line 74: asm.js type error: cannot create array view without an asm.js heap parameter
console.warn: LoginRecipes: "getRecipes: falling back to a synchronous message for:" "https://www.coleparmer.com"
console.warn: LoginRecipes: "getRecipes: falling back to a synchronous message for:" "https://www.coleparmer.com"
console.warn: LoginRecipes: "getRecipes: falling back to a synchronous message for:" "https://www.coleparmer.com"
console.warn: LoginRecipes: "getRecipes: falling back to a synchronous message for:" "https://www.coleparmer.com"
console.warn: LoginRecipes: "getRecipes: falling back to a synchronous message for:" "https://www.coleparmer.com"
console.warn: LoginRecipes: "getRecipes: falling back to a synchronous message for:" "https://www.coleparmer.com"
1660967900591	Marionette	INFO	Stopped listening on port 61726
console.warn: TopSitesFeed: Failed to fetch data from Contile server: NetworkError when attempting to fetch resource.
1660967906286	geckodriver	INFO	Listening on 127.0.0.1:61825
1660967909315	mozrunner::runner	INFO	Running command: "C:\\Program Files\\Mozilla Firefox\\firefox.exe" "--marionette" "--remote-debugging-port" "61826" "--remote-allow-hosts" "localhost" "-no-remote" "-profile" "C:\\Users\\Lachlan\\AppData\\Local\\Temp\\rust_mozprofilesn7XW0"
1660967909673	Marionette	INFO	Marionette enabled
1660967909678	Marionette	INFO	Listening on port 61837
WebDriver BiDi listening on ws://localhost:61826
Read port: 61837
1660967909894	RemoteAgent	WARN	TLS certificate errors will be ignored for this session
console.warn: SearchSettings: "get: No settings file exists, new profile?" (new NotFoundError("Could not open the file at C:\\Users\\Lachlan\\AppData\\Local\\Temp\\rust_mozprofilesn7XW0\\search.json.mozlz4", (void 0)))
DevTools listening on ws://localhost:61826/devtools/browser/d5030dd0-d7f0-4c46-a242-dd0775e0f110
JavaScript warning: https://cdn2.gbqofs.com/coleparmer/p/detector-dom.min.js, line 74: asm.js type error: cannot create array view without an asm.js heap parameter
1660967936830	Marionette	INFO	Stopped listening on port 61837
console.warn: TopSitesFeed: Failed to fetch data from Contile server: NetworkError when attempting to fetch resource.
1660967953018	geckodriver	INFO	Listening on 127.0.0.1:62011
1660967956060	mozrunner::runner	INFO	Running command: "C:\\Program Files\\Mozilla Firefox\\firefox.exe" "--marionette" "--remote-debugging-port" "62012" "--remote-allow-hosts" "localhost" "-no-remote" "-profile" "C:\\Users\\Lachlan\\AppData\\Local\\Temp\\rust_mozprofileH3d1tt"
1660967956419	Marionette	INFO	Marionette enabled
1660967956424	Marionette	INFO	Listening on port 62022
WebDriver BiDi listening on ws://localhost:62012
Read port: 62022
1660967956637	RemoteAgent	WARN	TLS certificate errors will be ignored for this session
console.warn: SearchSettings: "get: No settings file exists, new profile?" (new NotFoundError("Could not open the file at C:\\Users\\Lachlan\\AppData\\Local\\Temp\\rust_mozprofileH3d1tt\\search.json.mozlz4", (void 0)))
DevTools listening on ws://localhost:62012/devtools/browser/7e6a1b60-cac9-43c1-8e81-a8222bb87ee7
JavaScript warning: https://cdn2.gbqofs.com/coleparmer/p/detector-dom.min.js, line 74: asm.js type error: cannot create array view without an asm.js heap parameter
console.warn: LoginRecipes: "getRecipes: falling back to a synchronous message for:" "https://www.coleparmer.com"
console.warn: LoginRecipes: "getRecipes: falling back to a synchronous message for:" "https://www.coleparmer.com"
console.warn: LoginRecipes: "getRecipes: falling back to a synchronous message for:" "https://www.coleparmer.com"
console.warn: LoginRecipes: "getRecipes: falling back to a synchronous message for:" "https://www.coleparmer.com"
console.warn: LoginRecipes: "getRecipes: falling back to a synchronous message for:" "https://www.coleparmer.com"
console.warn: LoginRecipes: "getRecipes: falling back to a synchronous message for:" "https://www.coleparmer.com"
console.warn: LoginRecipes: "getRecipes: falling back to a synchronous message for:" "https://www.coleparmer.com"
console.warn: LoginRecipes: "getRecipes: falling back to a synchronous message for:" "https://www.coleparmer.com"
console.warn: LoginRecipes: "getRecipes: falling back to a synchronous message for:" "https://www.coleparmer.com"
console.warn: LoginRecipes: "getRecipes: falling back to a synchronous message for:" "https://www.coleparmer.com"
console.warn: LoginRecipes: "getRecipes: falling back to a synchronous message for:" "https://www.coleparmer.com"
console.warn: LoginRecipes: "getRecipes: falling back to a synchronous message for:" "https://www.coleparmer.com"
console.warn: LoginRecipes: "getRecipes: falling back to a synchronous message for:" "https://www.coleparmer.com"
console.warn: LoginRecipes: "getRecipes: falling back to a synchronous message for:" "https://www.coleparmer.com"
console.warn: LoginRecipes: "getRecipes: falling back to a synchronous message for:" "https://www.coleparmer.com"
console.warn: LoginRecipes: "getRecipes: falling back to a synchronous message for:" "https://www.coleparmer.com"
console.warn: LoginRecipes: "getRecipes: falling back to a synchronous message for:" "https://www.coleparmer.com"
console.warn: LoginRecipes: "getRecipes: falling back to a synchronous message for:" "https://www.coleparmer.com"
console.warn: LoginRecipes: "getRecipes: falling back to a synchronous message for:" "https://www.coleparmer.com"
console.warn: LoginRecipes: "getRecipes: falling back to a synchronous message for:" "https://www.coleparmer.com"
console.warn: LoginRecipes: "getRecipes: falling back to a synchronous message for:" "https://www.coleparmer.com"
console.warn: LoginRecipes: "getRecipes: falling back to a synchronous message for:" "https://www.coleparmer.com"
console.warn: LoginRecipes: "getRecipes: falling back to a synchronous message for:" "https://www.coleparmer.com"
console.warn: LoginRecipes: "getRecipes: falling back to a synchronous message for:" "https://www.coleparmer.com"
console.warn: LoginRecipes: "getRecipes: falling back to a synchronous message for:" "https://www.coleparmer.com"
console.warn: LoginRecipes: "getRecipes: falling back to a synchronous message for:" "https://www.coleparmer.com"
console.warn: LoginRecipes: "getRecipes: falling back to a synchronous message for:" "https://www.coleparmer.com"
console.warn: LoginRecipes: "getRecipes: falling back to a synchronous message for:" "https://www.coleparmer.com"
console.warn: LoginRecipes: "getRecipes: falling back to a synchronous message for:" "https://www.coleparmer.com"
console.warn: LoginRecipes: "getRecipes: falling back to a synchronous message for:" "https://www.coleparmer.com"
console.warn: LoginRecipes: "getRecipes: falling back to a synchronous message for:" "https://www.coleparmer.com"
console.warn: LoginRecipes: "getRecipes: falling back to a synchronous message for:" "https://www.coleparmer.com"
console.warn: LoginRecipes: "getRecipes: falling back to a synchronous message for:" "https://www.coleparmer.com"
console.warn: LoginRecipes: "getRecipes: falling back to a synchronous message for:" "https://www.coleparmer.com"
console.warn: LoginRecipes: "getRecipes: falling back to a synchronous message for:" "https://www.coleparmer.com"
console.warn: LoginRecipes: "getRecipes: falling back to a synchronous message for:" "https://www.coleparmer.com"
console.warn: LoginRecipes: "getRecipes: falling back to a synchronous message for:" "https://www.coleparmer.com"
console.warn: LoginRecipes: "getRecipes: falling back to a synchronous message for:" "https://www.coleparmer.com"
console.warn: LoginRecipes: "getRecipes: falling back to a synchronous message for:" "https://www.coleparmer.com"
console.warn: LoginRecipes: "getRecipes: falling back to a synchronous message for:" "https://www.coleparmer.com"
console.warn: LoginRecipes: "getRecipes: falling back to a synchronous message for:" "https://www.coleparmer.com"
console.warn: LoginRecipes: "getRecipes: falling back to a synchronous message for:" "https://www.coleparmer.com"
console.warn: LoginRecipes: "getRecipes: falling back to a synchronous message for:" "https://www.coleparmer.com"
console.warn: LoginRecipes: "getRecipes: falling back to a synchronous message for:" "https://www.coleparmer.com"
console.warn: LoginRecipes: "getRecipes: falling back to a synchronous message for:" "https://www.coleparmer.com"
console.warn: LoginRecipes: "getRecipes: falling back to a synchronous message for:" "https://www.coleparmer.com"
console.warn: LoginRecipes: "getRecipes: falling back to a synchronous message for:" "https://www.coleparmer.com"
console.warn: LoginRecipes: "getRecipes: falling back to a synchronous message for:" "https://www.coleparmer.com"
console.warn: LoginRecipes: "getRecipes: falling back to a synchronous message for:" "https://www.coleparmer.com"
console.warn: LoginRecipes: "getRecipes: falling back to a synchronous message for:" "https://www.coleparmer.com"
console.warn: LoginRecipes: "getRecipes: falling back to a synchronous message for:" "https://www.coleparmer.com"
console.warn: LoginRecipes: "getRecipes: falling back to a synchronous message for:" "https://www.coleparmer.com"
console.warn: LoginRecipes: "getRecipes: falling back to a synchronous message for:" "https://www.coleparmer.com"
console.warn: LoginRecipes: "getRecipes: falling back to a synchronous message for:" "https://www.coleparmer.com"
console.warn: LoginRecipes: "getRecipes: falling back to a synchronous message for:" "https://www.coleparmer.com"
console.warn: LoginRecipes: "getRecipes: falling back to a synchronous message for:" "https://www.coleparmer.com"
console.warn: LoginRecipes: "getRecipes: falling back to a synchronous message for:" "https://www.coleparmer.com"
console.warn: LoginRecipes: "getRecipes: falling back to a synchronous message for:" "https://www.coleparmer.com"
console.warn: LoginRecipes: "getRecipes: falling back to a synchronous message for:" "https://www.coleparmer.com"
console.warn: LoginRecipes: "getRecipes: falling back to a synchronous message for:" "https://www.coleparmer.com"
console.warn: LoginRecipes: "getRecipes: falling back to a synchronous message for:" "https://www.coleparmer.com"
console.warn: LoginRecipes: "getRecipes: falling back to a synchronous message for:" "https://www.coleparmer.com"
console.warn: LoginRecipes: "getRecipes: falling back to a synchronous message for:" "https://www.coleparmer.com"
console.warn: LoginRecipes: "getRecipes: falling back to a synchronous message for:" "https://www.coleparmer.com"
console.warn: LoginRecipes: "getRecipes: falling back to a synchronous message for:" "https://www.coleparmer.com"
console.warn: LoginRecipes: "getRecipes: falling back to a synchronous message for:" "https://www.coleparmer.com"
console.warn: LoginRecipes: "getRecipes: falling back to a synchronous message for:" "https://www.coleparmer.com"
console.warn: LoginRecipes: "getRecipes: falling back to a synchronous message for:" "https://www.coleparmer.com"
console.warn: LoginRecipes: "getRecipes: falling back to a synchronous message for:" "https://www.coleparmer.com"
console.warn: LoginRecipes: "getRecipes: falling back to a synchronous message for:" "https://www.coleparmer.com"
console.warn: LoginRecipes: "getRecipes: falling back to a synchronous message for:" "https://www.coleparmer.com"
console.warn: LoginRecipes: "getRecipes: falling back to a synchronous message for:" "https://www.coleparmer.com"
console.warn: LoginRecipes: "getRecipes: falling back to a synchronous message for:" "https://www.coleparmer.com"
console.warn: LoginRecipes: "getRecipes: falling back to a synchronous message for:" "https://www.coleparmer.com"
console.warn: LoginRecipes: "getRecipes: falling back to a synchronous message for:" "https://www.coleparmer.com"
console.warn: LoginRecipes: "getRecipes: falling back to a synchronous message for:" "https://www.coleparmer.com"
console.warn: LoginRecipes: "getRecipes: falling back to a synchronous message for:" "https://www.coleparmer.com"
console.warn: LoginRecipes: "getRecipes: falling back to a synchronous message for:" "https://www.coleparmer.com"
console.warn: LoginRecipes: "getRecipes: falling back to a synchronous message for:" "https://www.coleparmer.com"
console.warn: LoginRecipes: "getRecipes: falling back to a synchronous message for:" "https://www.coleparmer.com"
console.warn: LoginRecipes: "getRecipes: falling back to a synchronous message for:" "https://www.coleparmer.com"
console.warn: LoginRecipes: "getRecipes: falling back to a synchronous message for:" "https://www.coleparmer.com"
1660968062364	Marionette	INFO	Stopped listening on port 62022
console.warn: TopSitesFeed: Failed to fetch data from Contile server: NetworkError when attempting to fetch resource.
[Parent 22284, IPC I/O Parent] WARNING: file /builds/worker/checkouts/gecko/ipc/chromium/src/base/process_util_win.cc:167
1660968081244	geckodriver	INFO	Listening on 127.0.0.1:62207
1660968084285	mozrunner::runner	INFO	Running command: "C:\\Program Files\\Mozilla Firefox\\firefox.exe" "--marionette" "--remote-debugging-port" "62208" "--remote-allow-hosts" "localhost" "-no-remote" "-profile" "C:\\Users\\Lachlan\\AppData\\Local\\Temp\\rust_mozprofileamYCIx"
1660968084658	Marionette	INFO	Marionette enabled
1660968084662	Marionette	INFO	Listening on port 62218
WebDriver BiDi listening on ws://localhost:62208
Read port: 62218
1660968084863	RemoteAgent	WARN	TLS certificate errors will be ignored for this session
console.warn: SearchSettings: "get: No settings file exists, new profile?" (new NotFoundError("Could not open the file at C:\\Users\\Lachlan\\AppData\\Local\\Temp\\rust_mozprofileamYCIx\\search.json.mozlz4", (void 0)))
DevTools listening on ws://localhost:62208/devtools/browser/c9960038-bb80-4a3e-8ea6-566ecee839c6
JavaScript warning: https://cdn2.gbqofs.com/coleparmer/p/detector-dom.min.js, line 74: asm.js type error: cannot create array view without an asm.js heap parameter
console.warn: LoginRecipes: "getRecipes: falling back to a synchronous message for:" "https://www.coleparmer.com"
console.warn: LoginRecipes: "getRecipes: falling back to a synchronous message for:" "https://www.coleparmer.com"
console.warn: LoginRecipes: "getRecipes: falling back to a synchronous message for:" "https://www.coleparmer.com"
console.warn: LoginRecipes: "getRecipes: falling back to a synchronous message for:" "https://www.coleparmer.com"
console.warn: LoginRecipes: "getRecipes: falling back to a synchronous message for:" "https://www.coleparmer.com"
console.warn: LoginRecipes: "getRecipes: falling back to a synchronous message for:" "https://www.coleparmer.com"
console.warn: LoginRecipes: "getRecipes: falling back to a synchronous message for:" "https://www.coleparmer.com"
console.warn: LoginRecipes: "getRecipes: falling back to a synchronous message for:" "https://www.coleparmer.com"
console.warn: LoginRecipes: "getRecipes: falling back to a synchronous message for:" "https://www.coleparmer.com"
console.warn: LoginRecipes: "getRecipes: falling back to a synchronous message for:" "https://www.coleparmer.com"
console.warn: LoginRecipes: "getRecipes: falling back to a synchronous message for:" "https://www.coleparmer.com"
console.warn: LoginRecipes: "getRecipes: falling back to a synchronous message for:" "https://www.coleparmer.com"
console.warn: LoginRecipes: "getRecipes: falling back to a synchronous message for:" "https://www.coleparmer.com"
console.warn: LoginRecipes: "getRecipes: falling back to a synchronous message for:" "https://www.coleparmer.com"
console.warn: LoginRecipes: "getRecipes: falling back to a synchronous message for:" "https://www.coleparmer.com"
console.warn: LoginRecipes: "getRecipes: falling back to a synchronous message for:" "https://www.coleparmer.com"
console.warn: LoginRecipes: "getRecipes: falling back to a synchronous message for:" "https://www.coleparmer.com"
console.warn: LoginRecipes: "getRecipes: falling back to a synchronous message for:" "https://www.coleparmer.com"
console.warn: LoginRecipes: "getRecipes: falling back to a synchronous message for:" "https://www.coleparmer.com"
console.warn: LoginRecipes: "getRecipes: falling back to a synchronous message for:" "https://www.coleparmer.com"
console.warn: LoginRecipes: "getRecipes: falling back to a synchronous message for:" "https://www.coleparmer.com"
console.warn: LoginRecipes: "getRecipes: falling back to a synchronous message for:" "https://www.coleparmer.com"
console.warn: LoginRecipes: "getRecipes: falling back to a synchronous message for:" "https://www.coleparmer.com"
console.warn: LoginRecipes: "getRecipes: falling back to a synchronous message for:" "https://www.coleparmer.com"
console.warn: LoginRecipes: "getRecipes: falling back to a synchronous message for:" "https://www.coleparmer.com"
console.warn: LoginRecipes: "getRecipes: falling back to a synchronous message for:" "https://www.coleparmer.com"
console.warn: LoginRecipes: "getRecipes: falling back to a synchronous message for:" "https://www.coleparmer.com"
console.warn: LoginRecipes: "getRecipes: falling back to a synchronous message for:" "https://www.coleparmer.com"
console.warn: LoginRecipes: "getRecipes: falling back to a synchronous message for:" "https://www.coleparmer.com"
console.warn: LoginRecipes: "getRecipes: falling back to a synchronous message for:" "https://www.coleparmer.com"
console.warn: LoginRecipes: "getRecipes: falling back to a synchronous message for:" "https://www.coleparmer.com"
console.warn: LoginRecipes: "getRecipes: falling back to a synchronous message for:" "https://www.coleparmer.com"
console.warn: LoginRecipes: "getRecipes: falling back to a synchronous message for:" "https://www.coleparmer.com"
console.warn: LoginRecipes: "getRecipes: falling back to a synchronous message for:" "https://www.coleparmer.com"
1660968163769	Marionette	WARN	TimedPromise timed out after 500 ms: stacktrace:
TimedPromise/<@chrome://remote/content/marionette/sync.js:237:24
TimedPromise@chrome://remote/content/marionette/sync.js:222:10
interaction.flushEventLoop@chrome://remote/content/marionette/interaction.js:431:10
webdriverClickElement@chrome://remote/content/marionette/interaction.js:179:31
console.warn: LoginRecipes: "getRecipes: falling back to a synchronous message for:" "https://www.coleparmer.com"
console.warn: LoginRecipes: "getRecipes: falling back to a synchronous message for:" "https://www.coleparmer.com"
console.warn: LoginRecipes: "getRecipes: falling back to a synchronous message for:" "https://www.coleparmer.com"
console.warn: LoginRecipes: "getRecipes: falling back to a synchronous message for:" "https://www.coleparmer.com"
console.warn: LoginRecipes: "getRecipes: falling back to a synchronous message for:" "https://www.coleparmer.com"
console.warn: LoginRecipes: "getRecipes: falling back to a synchronous message for:" "https://www.coleparmer.com"
console.warn: LoginRecipes: "getRecipes: falling back to a synchronous message for:" "https://www.coleparmer.com"
console.warn: LoginRecipes: "getRecipes: falling back to a synchronous message for:" "https://www.coleparmer.com"
console.warn: LoginRecipes: "getRecipes: falling back to a synchronous message for:" "https://www.coleparmer.com"
console.warn: LoginRecipes: "getRecipes: falling back to a synchronous message for:" "https://www.coleparmer.com"
console.warn: LoginRecipes: "getRecipes: falling back to a synchronous message for:" "https://www.coleparmer.com"
console.warn: LoginRecipes: "getRecipes: falling back to a synchronous message for:" "https://www.coleparmer.com"
console.warn: LoginRecipes: "getRecipes: falling back to a synchronous message for:" "https://www.coleparmer.com"
console.warn: LoginRecipes: "getRecipes: falling back to a synchronous message for:" "https://www.coleparmer.com"
console.warn: LoginRecipes: "getRecipes: falling back to a synchronous message for:" "https://www.coleparmer.com"
console.warn: LoginRecipes: "getRecipes: falling back to a synchronous message for:" "https://www.coleparmer.com"
console.warn: LoginRecipes: "getRecipes: falling back to a synchronous message for:" "https://www.coleparmer.com"
console.warn: LoginRecipes: "getRecipes: falling back to a synchronous message for:" "https://www.coleparmer.com"
console.warn: LoginRecipes: "getRecipes: falling back to a synchronous message for:" "https://www.coleparmer.com"
console.warn: LoginRecipes: "getRecipes: falling back to a synchronous message for:" "https://www.coleparmer.com"
console.warn: LoginRecipes: "getRecipes: falling back to a synchronous message for:" "https://www.coleparmer.com"
console.warn: LoginRecipes: "getRecipes: falling back to a synchronous message for:" "https://www.coleparmer.com"
console.warn: LoginRecipes: "getRecipes: falling back to a synchronous message for:" "https://www.coleparmer.com"
console.warn: LoginRecipes: "getRecipes: falling back to a synchronous message for:" "https://www.coleparmer.com"
console.warn: LoginRecipes: "getRecipes: falling back to a synchronous message for:" "https://www.coleparmer.com"
console.warn: LoginRecipes: "getRecipes: falling back to a synchronous message for:" "https://www.coleparmer.com"
console.warn: LoginRecipes: "getRecipes: falling back to a synchronous message for:" "https://www.coleparmer.com"
console.warn: LoginRecipes: "getRecipes: falling back to a synchronous message for:" "https://www.coleparmer.com"
console.warn: LoginRecipes: "getRecipes: falling back to a synchronous message for:" "https://www.coleparmer.com"
console.warn: LoginRecipes: "getRecipes: falling back to a synchronous message for:" "https://www.coleparmer.com"
console.warn: LoginRecipes: "getRecipes: falling back to a synchronous message for:" "https://www.coleparmer.com"
console.warn: LoginRecipes: "getRecipes: falling back to a synchronous message for:" "https://www.coleparmer.com"
console.warn: LoginRecipes: "getRecipes: falling back to a synchronous message for:" "https://www.coleparmer.com"
console.warn: LoginRecipes: "getRecipes: falling back to a synchronous message for:" "https://www.coleparmer.com"
console.warn: LoginRecipes: "getRecipes: falling back to a synchronous message for:" "https://www.coleparmer.com"
console.warn: LoginRecipes: "getRecipes: falling back to a synchronous message for:" "https://www.coleparmer.com"
console.warn: LoginRecipes: "getRecipes: falling back to a synchronous message for:" "https://www.coleparmer.com"
console.warn: LoginRecipes: "getRecipes: falling back to a synchronous message for:" "https://www.coleparmer.com"
console.warn: LoginRecipes: "getRecipes: falling back to a synchronous message for:" "https://www.coleparmer.com"
console.warn: LoginRecipes: "getRecipes: falling back to a synchronous message for:" "https://www.coleparmer.com"
console.warn: LoginRecipes: "getRecipes: falling back to a synchronous message for:" "https://www.coleparmer.com"
console.warn: LoginRecipes: "getRecipes: falling back to a synchronous message for:" "https://www.coleparmer.com"
console.warn: LoginRecipes: "getRecipes: falling back to a synchronous message for:" "https://www.coleparmer.com"
console.warn: LoginRecipes: "getRecipes: falling back to a synchronous message for:" "https://www.coleparmer.com"
console.warn: LoginRecipes: "getRecipes: falling back to a synchronous message for:" "https://www.coleparmer.com"
console.warn: LoginRecipes: "getRecipes: falling back to a synchronous message for:" "https://www.coleparmer.com"
console.warn: LoginRecipes: "getRecipes: falling back to a synchronous message for:" "https://www.coleparmer.com"
console.warn: LoginRecipes: "getRecipes: falling back to a synchronous message for:" "https://www.coleparmer.com"
console.warn: LoginRecipes: "getRecipes: falling back to a synchronous message for:" "https://www.coleparmer.com"
console.warn: LoginRecipes: "getRecipes: falling back to a synchronous message for:" "https://www.coleparmer.com"
console.warn: LoginRecipes: "getRecipes: falling back to a synchronous message for:" "https://www.coleparmer.com"
console.warn: LoginRecipes: "getRecipes: falling back to a synchronous message for:" "https://www.coleparmer.com"
console.warn: LoginRecipes: "getRecipes: falling back to a synchronous message for:" "https://www.coleparmer.com"
console.warn: LoginRecipes: "getRecipes: falling back to a synchronous message for:" "https://www.coleparmer.com"
console.warn: LoginRecipes: "getRecipes: falling back to a synchronous message for:" "https://www.coleparmer.com"
console.warn: LoginRecipes: "getRecipes: falling back to a synchronous message for:" "https://www.coleparmer.com"
console.warn: LoginRecipes: "getRecipes: falling back to a synchronous message for:" "https://www.coleparmer.com"
console.warn: LoginRecipes: "getRecipes: falling back to a synchronous message for:" "https://www.coleparmer.com"
console.warn: LoginRecipes: "getRecipes: falling back to a synchronous message for:" "https://www.coleparmer.com"
console.warn: LoginRecipes: "getRecipes: falling back to a synchronous message for:" "https://www.coleparmer.com"
console.warn: LoginRecipes: "getRecipes: falling back to a synchronous message for:" "https://www.coleparmer.com"
console.warn: LoginRecipes: "getRecipes: falling back to a synchronous message for:" "https://www.coleparmer.com"
console.warn: LoginRecipes: "getRecipes: falling back to a synchronous message for:" "https://www.coleparmer.com"
console.warn: LoginRecipes: "getRecipes: falling back to a synchronous message for:" "https://www.coleparmer.com"
console.warn: LoginRecipes: "getRecipes: falling back to a synchronous message for:" "https://www.coleparmer.com"
console.warn: LoginRecipes: "getRecipes: falling back to a synchronous message for:" "https://www.coleparmer.com"
console.warn: LoginRecipes: "getRecipes: falling back to a synchronous message for:" "https://www.coleparmer.com"
console.warn: LoginRecipes: "getRecipes: falling back to a synchronous message for:" "https://www.coleparmer.com"
console.warn: LoginRecipes: "getRecipes: falling back to a synchronous message for:" "https://www.coleparmer.com"
console.warn: LoginRecipes: "getRecipes: falling back to a synchronous message for:" "https://www.coleparmer.com"
console.warn: LoginRecipes: "getRecipes: falling back to a synchronous message for:" "https://www.coleparmer.com"
console.warn: LoginRecipes: "getRecipes: falling back to a synchronous message for:" "https://www.coleparmer.com"
console.warn: LoginRecipes: "getRecipes: falling back to a synchronous message for:" "https://www.coleparmer.com"
console.warn: LoginRecipes: "getRecipes: falling back to a synchronous message for:" "https://www.coleparmer.com"
console.warn: LoginRecipes: "getRecipes: falling back to a synchronous message for:" "https://www.coleparmer.com"
console.warn: LoginRecipes: "getRecipes: falling back to a synchronous message for:" "https://www.coleparmer.com"
console.warn: LoginRecipes: "getRecipes: falling back to a synchronous message for:" "https://www.coleparmer.com"
console.warn: LoginRecipes: "getRecipes: falling back to a synchronous message for:" "https://www.coleparmer.com"
console.warn: LoginRecipes: "getRecipes: falling back to a synchronous message for:" "https://www.coleparmer.com"
console.warn: LoginRecipes: "getRecipes: falling back to a synchronous message for:" "https://www.coleparmer.com"
console.warn: LoginRecipes: "getRecipes: falling back to a synchronous message for:" "https://www.coleparmer.com"
console.warn: LoginRecipes: "getRecipes: falling back to a synchronous message for:" "https://www.coleparmer.com"
console.warn: LoginRecipes: "getRecipes: falling back to a synchronous message for:" "https://www.coleparmer.com"
console.warn: LoginRecipes: "getRecipes: falling back to a synchronous message for:" "https://www.coleparmer.com"
console.warn: LoginRecipes: "getRecipes: falling back to a synchronous message for:" "https://www.coleparmer.com"
console.warn: LoginRecipes: "getRecipes: falling back to a synchronous message for:" "https://www.coleparmer.com"
console.warn: LoginRecipes: "getRecipes: falling back to a synchronous message for:" "https://www.coleparmer.com"
console.warn: LoginRecipes: "getRecipes: falling back to a synchronous message for:" "https://www.coleparmer.com"
console.warn: LoginRecipes: "getRecipes: falling back to a synchronous message for:" "https://www.coleparmer.com"
console.warn: LoginRecipes: "getRecipes: falling back to a synchronous message for:" "https://www.coleparmer.com"
console.warn: LoginRecipes: "getRecipes: falling back to a synchronous message for:" "https://www.coleparmer.com"
console.warn: LoginRecipes: "getRecipes: falling back to a synchronous message for:" "https://www.coleparmer.com"
console.warn: LoginRecipes: "getRecipes: falling back to a synchronous message for:" "https://www.coleparmer.com"
console.warn: LoginRecipes: "getRecipes: falling back to a synchronous message for:" "https://www.coleparmer.com"
console.warn: LoginRecipes: "getRecipes: falling back to a synchronous message for:" "https://www.coleparmer.com"
console.warn: LoginRecipes: "getRecipes: falling back to a synchronous message for:" "https://www.coleparmer.com"
console.warn: LoginRecipes: "getRecipes: falling back to a synchronous message for:" "https://www.coleparmer.com"
console.warn: LoginRecipes: "getRecipes: falling back to a synchronous message for:" "https://www.coleparmer.com"
console.warn: LoginRecipes: "getRecipes: falling back to a synchronous message for:" "https://www.coleparmer.com"
console.warn: LoginRecipes: "getRecipes: falling back to a synchronous message for:" "https://www.coleparmer.com"
console.warn: LoginRecipes: "getRecipes: falling back to a synchronous message for:" "https://www.coleparmer.com"
console.warn: LoginRecipes: "getRecipes: falling back to a synchronous message for:" "https://www.coleparmer.com"
console.warn: LoginRecipes: "getRecipes: falling back to a synchronous message for:" "https://www.coleparmer.com"
console.warn: LoginRecipes: "getRecipes: falling back to a synchronous message for:" "https://www.coleparmer.com"
console.warn: LoginRecipes: "getRecipes: falling back to a synchronous message for:" "https://www.coleparmer.com"
console.warn: LoginRecipes: "getRecipes: falling back to a synchronous message for:" "https://www.coleparmer.com"
console.warn: LoginRecipes: "getRecipes: falling back to a synchronous message for:" "https://www.coleparmer.com"
console.warn: LoginRecipes: "getRecipes: falling back to a synchronous message for:" "https://www.coleparmer.com"
console.warn: LoginRecipes: "getRecipes: falling back to a synchronous message for:" "https://www.coleparmer.com"
console.warn: LoginRecipes: "getRecipes: falling back to a synchronous message for:" "https://www.coleparmer.com"
console.warn: LoginRecipes: "getRecipes: falling back to a synchronous message for:" "https://www.coleparmer.com"
console.warn: LoginRecipes: "getRecipes: falling back to a synchronous message for:" "https://www.coleparmer.com"
console.warn: LoginRecipes: "getRecipes: falling back to a synchronous message for:" "https://www.coleparmer.com"
console.warn: LoginRecipes: "getRecipes: falling back to a synchronous message for:" "https://www.coleparmer.com"
console.warn: LoginRecipes: "getRecipes: falling back to a synchronous message for:" "https://www.coleparmer.com"
console.warn: LoginRecipes: "getRecipes: falling back to a synchronous message for:" "https://www.coleparmer.com"
console.warn: LoginRecipes: "getRecipes: falling back to a synchronous message for:" "https://www.coleparmer.com"
console.warn: LoginRecipes: "getRecipes: falling back to a synchronous message for:" "https://www.coleparmer.com"
console.warn: LoginRecipes: "getRecipes: falling back to a synchronous message for:" "https://www.coleparmer.com"
console.warn: LoginRecipes: "getRecipes: falling back to a synchronous message for:" "https://www.coleparmer.com"
console.warn: LoginRecipes: "getRecipes: falling back to a synchronous message for:" "https://www.coleparmer.com"
console.warn: LoginRecipes: "getRecipes: falling back to a synchronous message for:" "https://www.coleparmer.com"
console.warn: LoginRecipes: "getRecipes: falling back to a synchronous message for:" "https://www.coleparmer.com"
console.warn: LoginRecipes: "getRecipes: falling back to a synchronous message for:" "https://www.coleparmer.com"
console.warn: LoginRecipes: "getRecipes: falling back to a synchronous message for:" "https://www.coleparmer.com"
console.warn: LoginRecipes: "getRecipes: falling back to a synchronous message for:" "https://www.coleparmer.com"
console.warn: LoginRecipes: "getRecipes: falling back to a synchronous message for:" "https://www.coleparmer.com"
1660968385358	Marionette	INFO	Stopped listening on port 62218
console.warn: TopSitesFeed: Failed to fetch data from Contile server: NetworkError when attempting to fetch resource.
1660968394674	geckodriver	INFO	Listening on 127.0.0.1:62363
1660968397691	mozrunner::runner	INFO	Running command: "C:\\Program Files\\Mozilla Firefox\\firefox.exe" "--marionette" "--remote-debugging-port" "62364" "--remote-allow-hosts" "localhost" "-no-remote" "-profile" "C:\\Users\\Lachlan\\AppData\\Local\\Temp\\rust_mozprofilezEto29"
1660968398054	Marionette	INFO	Marionette enabled
1660968398059	Marionette	INFO	Listening on port 62374
WebDriver BiDi listening on ws://localhost:62364
Read port: 62374
1660968398272	RemoteAgent	WARN	TLS certificate errors will be ignored for this session
console.warn: SearchSettings: "get: No settings file exists, new profile?" (new NotFoundError("Could not open the file at C:\\Users\\Lachlan\\AppData\\Local\\Temp\\rust_mozprofilezEto29\\search.json.mozlz4", (void 0)))
DevTools listening on ws://localhost:62364/devtools/browser/0b3f20b8-8f69-4ddf-a62c-a1758289a0df
JavaScript warning: https://cdn2.gbqofs.com/coleparmer/p/detector-dom.min.js, line 74: asm.js type error: cannot create array view without an asm.js heap parameter
console.warn: LoginRecipes: "getRecipes: falling back to a synchronous message for:" "https://www.coleparmer.com"
console.warn: LoginRecipes: "getRecipes: falling back to a synchronous message for:" "https://www.coleparmer.com"
console.warn: LoginRecipes: "getRecipes: falling back to a synchronous message for:" "https://www.coleparmer.com"
1660968411439	Marionette	WARN	TimedPromise timed out after 500 ms: stacktrace:
TimedPromise/<@chrome://remote/content/marionette/sync.js:237:24
TimedPromise@chrome://remote/content/marionette/sync.js:222:10
interaction.flushEventLoop@chrome://remote/content/marionette/interaction.js:431:10
webdriverClickElement@chrome://remote/content/marionette/interaction.js:179:31
console.warn: LoginRecipes: "getRecipes: falling back to a synchronous message for:" "https://www.coleparmer.com"
1660968413158	Marionette	WARN	TimedPromise timed out after 500 ms: stacktrace:
TimedPromise/<@chrome://remote/content/marionette/sync.js:237:24
TimedPromise@chrome://remote/content/marionette/sync.js:222:10
interaction.flushEventLoop@chrome://remote/content/marionette/interaction.js:431:10
webdriverClickElement@chrome://remote/content/marionette/interaction.js:179:31
console.warn: LoginRecipes: "getRecipes: falling back to a synchronous message for:" "https://www.coleparmer.com"
console.warn: LoginRecipes: "getRecipes: falling back to a synchronous message for:" "https://www.coleparmer.com"
1660968416431	Marionette	WARN	TimedPromise timed out after 500 ms: stacktrace:
TimedPromise/<@chrome://remote/content/marionette/sync.js:237:24
TimedPromise@chrome://remote/content/marionette/sync.js:222:10
interaction.flushEventLoop@chrome://remote/content/marionette/interaction.js:431:10
webdriverClickElement@chrome://remote/content/marionette/interaction.js:179:31
console.warn: LoginRecipes: "getRecipes: falling back to a synchronous message for:" "https://www.coleparmer.com"
console.warn: LoginRecipes: "getRecipes: falling back to a synchronous message for:" "https://www.coleparmer.com"
1660968443986	Marionette	WARN	TimedPromise timed out after 500 ms: stacktrace:
TimedPromise/<@chrome://remote/content/marionette/sync.js:237:24
TimedPromise@chrome://remote/content/marionette/sync.js:222:10
interaction.flushEventLoop@chrome://remote/content/marionette/interaction.js:431:10
webdriverClickElement@chrome://remote/content/marionette/interaction.js:179:31
console.warn: LoginRecipes: "getRecipes: falling back to a synchronous message for:" "https://www.coleparmer.com"
1660968446195	Marionette	WARN	TimedPromise timed out after 500 ms: stacktrace:
TimedPromise/<@chrome://remote/content/marionette/sync.js:237:24
TimedPromise@chrome://remote/content/marionette/sync.js:222:10
interaction.flushEventLoop@chrome://remote/content/marionette/interaction.js:431:10
webdriverClickElement@chrome://remote/content/marionette/interaction.js:179:31
console.warn: LoginRecipes: "getRecipes: falling back to a synchronous message for:" "https://www.coleparmer.com"
console.warn: LoginRecipes: "getRecipes: falling back to a synchronous message for:" "https://www.coleparmer.com"
1660968450287	Marionette	WARN	TimedPromise timed out after 500 ms: stacktrace:
TimedPromise/<@chrome://remote/content/marionette/sync.js:237:24
TimedPromise@chrome://remote/content/marionette/sync.js:222:10
interaction.flushEventLoop@chrome://remote/content/marionette/interaction.js:431:10
webdriverClickElement@chrome://remote/content/marionette/interaction.js:179:31
console.warn: LoginRecipes: "getRecipes: falling back to a synchronous message for:" "https://www.coleparmer.com"
1660968452519	Marionette	WARN	TimedPromise timed out after 500 ms: stacktrace:
TimedPromise/<@chrome://remote/content/marionette/sync.js:237:24
TimedPromise@chrome://remote/content/marionette/sync.js:222:10
interaction.flushEventLoop@chrome://remote/content/marionette/interaction.js:431:10
webdriverClickElement@chrome://remote/content/marionette/interaction.js:179:31
console.warn: LoginRecipes: "getRecipes: falling back to a synchronous message for:" "https://www.coleparmer.com"
1660968454845	Marionette	WARN	TimedPromise timed out after 500 ms: stacktrace:
TimedPromise/<@chrome://remote/content/marionette/sync.js:237:24
TimedPromise@chrome://remote/content/marionette/sync.js:222:10
interaction.flushEventLoop@chrome://remote/content/marionette/interaction.js:431:10
webdriverClickElement@chrome://remote/content/marionette/interaction.js:179:31
console.warn: LoginRecipes: "getRecipes: falling back to a synchronous message for:" "https://www.coleparmer.com"
1660968457058	Marionette	WARN	TimedPromise timed out after 500 ms: stacktrace:
TimedPromise/<@chrome://remote/content/marionette/sync.js:237:24
TimedPromise@chrome://remote/content/marionette/sync.js:222:10
interaction.flushEventLoop@chrome://remote/content/marionette/interaction.js:431:10
webdriverClickElement@chrome://remote/content/marionette/interaction.js:179:31
console.warn: LoginRecipes: "getRecipes: falling back to a synchronous message for:" "https://www.coleparmer.com"
1660968459432	Marionette	WARN	TimedPromise timed out after 500 ms: stacktrace:
TimedPromise/<@chrome://remote/content/marionette/sync.js:237:24
TimedPromise@chrome://remote/content/marionette/sync.js:222:10
interaction.flushEventLoop@chrome://remote/content/marionette/interaction.js:431:10
webdriverClickElement@chrome://remote/content/marionette/interaction.js:179:31
console.warn: LoginRecipes: "getRecipes: falling back to a synchronous message for:" "https://www.coleparmer.com"
console.warn: LoginRecipes: "getRecipes: falling back to a synchronous message for:" "https://www.coleparmer.com"
console.warn: LoginRecipes: "getRecipes: falling back to a synchronous message for:" "https://www.coleparmer.com"
console.warn: LoginRecipes: "getRecipes: falling back to a synchronous message for:" "https://www.coleparmer.com"
console.warn: LoginRecipes: "getRecipes: falling back to a synchronous message for:" "https://www.coleparmer.com"
console.warn: LoginRecipes: "getRecipes: falling back to a synchronous message for:" "https://www.coleparmer.com"
console.warn: LoginRecipes: "getRecipes: falling back to a synchronous message for:" "https://www.coleparmer.com"
console.warn: LoginRecipes: "getRecipes: falling back to a synchronous message for:" "https://www.coleparmer.com"
console.warn: LoginRecipes: "getRecipes: falling back to a synchronous message for:" "https://www.coleparmer.com"
console.warn: LoginRecipes: "getRecipes: falling back to a synchronous message for:" "https://www.coleparmer.com"
console.warn: LoginRecipes: "getRecipes: falling back to a synchronous message for:" "https://www.coleparmer.com"
console.warn: LoginRecipes: "getRecipes: falling back to a synchronous message for:" "https://www.coleparmer.com"
1660968483776	Marionette	WARN	TimedPromise timed out after 500 ms: stacktrace:
TimedPromise/<@chrome://remote/content/marionette/sync.js:237:24
TimedPromise@chrome://remote/content/marionette/sync.js:222:10
interaction.flushEventLoop@chrome://remote/content/marionette/interaction.js:431:10
webdriverClickElement@chrome://remote/content/marionette/interaction.js:179:31
console.warn: LoginRecipes: "getRecipes: falling back to a synchronous message for:" "https://www.coleparmer.com"
console.warn: LoginRecipes: "getRecipes: falling back to a synchronous message for:" "https://www.coleparmer.com"
console.warn: LoginRecipes: "getRecipes: falling back to a synchronous message for:" "https://www.coleparmer.com"
console.warn: LoginRecipes: "getRecipes: falling back to a synchronous message for:" "https://www.coleparmer.com"
console.warn: LoginRecipes: "getRecipes: falling back to a synchronous message for:" "https://www.coleparmer.com"
console.warn: LoginRecipes: "getRecipes: falling back to a synchronous message for:" "https://www.coleparmer.com"
1660968495393	Marionette	WARN	TimedPromise timed out after 500 ms: stacktrace:
TimedPromise/<@chrome://remote/content/marionette/sync.js:237:24
TimedPromise@chrome://remote/content/marionette/sync.js:222:10
interaction.flushEventLoop@chrome://remote/content/marionette/interaction.js:431:10
webdriverClickElement@chrome://remote/content/marionette/interaction.js:179:31
console.warn: LoginRecipes: "getRecipes: falling back to a synchronous message for:" "https://www.coleparmer.com"
console.warn: LoginRecipes: "getRecipes: falling back to a synchronous message for:" "https://www.coleparmer.com"
console.warn: LoginRecipes: "getRecipes: falling back to a synchronous message for:" "https://www.coleparmer.com"
console.warn: LoginRecipes: "getRecipes: falling back to a synchronous message for:" "https://www.coleparmer.com"
console.warn: LoginRecipes: "getRecipes: falling back to a synchronous message for:" "https://www.coleparmer.com"
console.warn: LoginRecipes: "getRecipes: falling back to a synchronous message for:" "https://www.coleparmer.com"
console.warn: LoginRecipes: "getRecipes: falling back to a synchronous message for:" "https://www.coleparmer.com"
console.warn: LoginRecipes: "getRecipes: falling back to a synchronous message for:" "https://www.coleparmer.com"
1660968511768	Marionette	WARN	TimedPromise timed out after 500 ms: stacktrace:
TimedPromise/<@chrome://remote/content/marionette/sync.js:237:24
TimedPromise@chrome://remote/content/marionette/sync.js:222:10
interaction.flushEventLoop@chrome://remote/content/marionette/interaction.js:431:10
webdriverClickElement@chrome://remote/content/marionette/interaction.js:179:31
